2026-07-06 21:07:37,112 | INFO  | Creating Binance CLient
2026-07-06 21:07:37,700 | INFO  | Connected to future
2026-07-06 21:44:10,196 | INFO  | Creating Binance CLient
2026-07-06 21:44:10,942 | INFO  | Connected to future
2026-07-06 21:44:33,003 | INFO  | Creating Binance CLient
2026-07-06 21:44:33,779 | INFO  | Connected to future
2026-07-06 21:44:58,447 | INFO  | Creating Binance CLient
2026-07-06 21:44:59,384 | INFO  | Connected to future
2026-07-06 21:44:59,384 | INFO  | Order Request -> Symbol=BTCUSDT, Side=BUY, Type=MARKET, Quantity=0.001, Price=None
2026-07-06 21:45:00,113 | ERROR  | Binance api Error : Invalid API-key, IP, or permissions for action
2026-07-06 21:45:00,119 | INFO  | Creating Binance CLient
2026-07-06 21:45:00,919 | INFO  | Connected to future
2026-07-06 21:45:00,919 | INFO  | Order Request -> Symbol=BTCUSDT, Side=BUY, Type=LIMIT, Quantity=0.001, Price=50000
2026-07-06 21:45:02,596 | ERROR  | Binance api Error : Invalid API-key, IP, or permissions for action
2026-07-06 23:54:31,570 | INFO  | Order Request -> Symbol=BTCUSDT, Side=BUY, Type=LIMIT, Quantity=0.01, Price=None
2026-07-06 23:54:31,570 | INFO  | Creating Binance CLient
2026-07-06 23:54:32,094 | INFO  | Connected to future
2026-07-06 23:54:32,094 | INFO  | Order Request -> Symbol=BTCUSDT, Side=BUY, Type=LIMIT, Quantity=0.01, Price=None
2026-07-06 23:54:32,731 | ERROR  | Binance api Error : Invalid API-key, IP, or permissions for action
2026-07-06 23:54:32,733 | INFO  | Order placed successfully: None
2026-07-06 23:56:19,339 | INFO  | Order Request -> Symbol=BTCUSDT, Side=BUY, Type=MARKET, Quantity=0.01, Price=None
2026-07-06 23:56:19,340 | INFO  | Creating Binance CLient
2026-07-06 23:56:19,775 | INFO  | Connected to future
2026-07-06 23:56:19,775 | INFO  | Order Request -> Symbol=BTCUSDT, Side=BUY, Type=MARKET, Quantity=0.01, Price=None
2026-07-06 23:56:20,553 | ERROR  | Binance api Error : Invalid API-key, IP, or permissions for action
2026-07-06 23:56:20,556 | INFO  | Order placed successfully: None
2026-07-07 00:01:01,264 | INFO  | Creating Binance CLient
2026-07-07 00:01:02,176 | INFO  | Connected to future
2026-07-07 00:01:02,177 | INFO  | Order Request -> Symbol=BTCUSDT, Side=BUY, Type=MARKET, Quantity=0.01, Price=None
2026-07-07 00:01:02,615 | ERROR  | Binance API Error: Invalid API-key, IP, or permissions for action
2026-07-07 00:01:02,615 | ERROR  | Order Place is Failed
Traceback (most recent call last):
  File "F:\SW\trading-bot\cli.py", line 51, in main
    place_order(
    ~~~~~~~~~~~^
        symbol=args.symbol,
        ^^^^^^^^^^^^^^^^^^^
    ...<3 lines>...
        price=args.price,
        ^^^^^^^^^^^^^^^^^
    )
    ^
  File "F:\SW\trading-bot\bots\orders.py", line 22, in place_order
    response = client.futures_create_order(
        symbol=symbol,
    ...<2 lines>...
        quantity=float(quantity)
    )
  File "F:\SW\trading-bot\venv\Lib\site-packages\binance\client.py", line 7948, in futures_create_order
    return self._request_futures_api("post", "order", True, data=params)
           ~~~~~~~~~~~~~~~~~~~~~~~~~^^^^^^^^^^^^^^^^^^^^^^^^^^^^^^^^^^^^
  File "F:\SW\trading-bot\venv\Lib\site-packages\binance\client.py", line 148, in _request_futures_api
    return self._request(method, uri, signed, force_params, **kwargs)
           ~~~~~~~~~~~~~^^^^^^^^^^^^^^^^^^^^^^^^^^^^^^^^^^^^^^^^^^^^^
  File "F:\SW\trading-bot\venv\Lib\site-packages\binance\client.py", line 111, in _request
    return self._handle_response(self.response)
           ~~~~~~~~~~~~~~~~~~~~~^^^^^^^^^^^^^^^
  File "F:\SW\trading-bot\venv\Lib\site-packages\binance\client.py", line 120, in _handle_response
    raise BinanceAPIException(response, response.status_code, response.text)
binance.exceptions.BinanceAPIException: APIError(code=-2015): Invalid API-key, IP, or permissions for action
2026-07-07 00:14:06,586 | INFO  | Creating Binance CLient
2026-07-07 00:14:06,985 | INFO  | Connected to future
2026-07-07 00:14:06,985 | INFO  | Order Request -> Symbol=BTCUSDT, Side=BUY, Type=MARKET, Quantity=0.01, Price=None
2026-07-07 00:14:07,487 | INFO  | Order Response -> {'orderId': 19639409202, 'symbol': 'BTCUSDT', 'status': 'NEW', 'clientOrderId': 'x-Cb7ytekJf9cc93129fdd12b83f5e11', 'price': '0.00', 'origQty': '0.0100', 'executedQty': '0.0000', 'cumQty': '0.0000', 'timeInForce': 'GTC', 'type': 'MARKET', 'reduceOnly': False, 'closePosition': False, 'side': 'BUY', 'positionSide': 'BOTH', 'stopPrice': '0.00', 'workingType': 'CONTRACT_PRICE', 'priceProtect': False, 'origType': 'MARKET', 'priceMatch': 'NONE', 'selfTradePreventionMode': 'EXPIRE_MAKER', 'goodTillDate': 0, 'updateTime': 1783363448645}
2026-07-07 00:14:07,489 | INFO  | Order placed successfully
